<?xml version="1.0" encoding="UTF-8"?>
<testsuite name="NumbersTest" tests="1" skipped="0" failures="0" errors="0" timestamp="2023-07-11T08:02:17" hostname="MacBook-Pro-3.local" time="1.616">
  <properties/>
  <testcase name="start" classname="NumbersTest" time="1.616"/>
  <system-out><![CDATA[?[1;31m
Start test 1?[0m
Welcome to Amazing Numbers!
Supported requests:
- enter a natural number to know its properties;
- enter two natural numbers to obtain the properties of the list:
  * the first parameter represents a starting number;
  * the second parameters show how many consecutive numbers are to be processed;
- two natural numbers and a property to search for;
- separate the parameters with one space;
- enter 0 to exit.
Enter a request: > 0
Goodbye!
Process finished with exit code 0
?[1;31m
Start test 2?[0m
Welcome to Amazing Numbers!
Supported requests:
- enter a natural number to know its properties;
- enter two natural numbers to obtain the properties of the list:
  * the first parameter represents a starting number;
  * the second parameters show how many consecutive numbers are to be processed;
- two natural numbers and a property to search for;
- separate the parameters with one space;
- enter 0 to exit.
Enter a request: > -51
The first parameter should be a natural number or zero.
Enter a request: > 0
Goodbye!
Process finished with exit code 0
?[1;31m
Start test 3?[0m
Welcome to Amazing Numbers!
Supported requests:
- enter a natural number to know its properties;
- enter two natural numbers to obtain the properties of the list:
  * the first parameter represents a starting number;
  * the second parameters show how many consecutive numbers are to be processed;
- two natural numbers and a property to search for;
- separate the parameters with one space;
- enter 0 to exit.
Enter a request: > -68
The first parameter should be a natural number or zero.
Enter a request: > 0
Goodbye!
Process finished with exit code 0
?[1;31m
Start test 4?[0m
Welcome to Amazing Numbers!
Supported requests:
- enter a natural number to know its properties;
- enter two natural numbers to obtain the properties of the list:
  * the first parameter represents a starting number;
  * the second parameters show how many consecutive numbers are to be processed;
- two natural numbers and a property to search for;
- separate the parameters with one space;
- enter 0 to exit.
Enter a request: > -68
The first parameter should be a natural number or zero.
Enter a request: > 0
Goodbye!
Process finished with exit code 0
?[1;31m
Start test 5?[0m
Welcome to Amazing Numbers!
Supported requests:
- enter a natural number to know its properties;
- enter two natural numbers to obtain the properties of the list:
  * the first parameter represents a starting number;
  * the second parameters show how many consecutive numbers are to be processed;
- two natural numbers and a property to search for;
- separate the parameters with one space;
- enter 0 to exit.
Enter a request: > -110
The first parameter should be a natural number or zero.
Enter a request: > 0
Goodbye!
Process finished with exit code 0
?[1;31m
Start test 6?[0m
Welcome to Amazing Numbers!
Supported requests:
- enter a natural number to know its properties;
- enter two natural numbers to obtain the properties of the list:
  * the first parameter represents a starting number;
  * the second parameters show how many consecutive numbers are to be processed;
- two natural numbers and a property to search for;
- separate the parameters with one space;
- enter 0 to exit.
Enter a request: > -66
The first parameter should be a natural number or zero.
Enter a request: > 0
Goodbye!
Process finished with exit code 0
?[1;31m
Start test 7?[0m
Welcome to Amazing Numbers!
Supported requests:
- enter a natural number to know its properties;
- enter two natural numbers to obtain the properties of the list:
  * the first parameter represents a starting number;
  * the second parameters show how many consecutive numbers are to be processed;
- two natural numbers and a property to search for;
- separate the parameters with one space;
- enter 0 to exit.
Enter a request: > 2978 -25910
The second parameter should be a natural number.
Enter a request: > 0
Goodbye!
Process finished with exit code 0
?[1;31m
Start test 8?[0m
Welcome to Amazing Numbers!
Supported requests:
- enter a natural number to know its properties;
- enter two natural numbers to obtain the properties of the list:
  * the first parameter represents a starting number;
  * the second parameters show how many consecutive numbers are to be processed;
- two natural numbers and a property to search for;
- separate the parameters with one space;
- enter 0 to exit.
Enter a request: > 6667 -11130
The second parameter should be a natural number.
Enter a request: > 0
Goodbye!
Process finished with exit code 0
?[1;31m
Start test 9?[0m
Welcome to Amazing Numbers!
Supported requests:
- enter a natural number to know its properties;
- enter two natural numbers to obtain the properties of the list:
  * the first parameter represents a starting number;
  * the second parameters show how many consecutive numbers are to be processed;
- two natural numbers and a property to search for;
- separate the parameters with one space;
- enter 0 to exit.
Enter a request: > 29727 -27209
The second parameter should be a natural number.
Enter a request: > 0
Goodbye!
Process finished with exit code 0
?[1;31m
Start test 10?[0m
Welcome to Amazing Numbers!
Supported requests:
- enter a natural number to know its properties;
- enter two natural numbers to obtain the properties of the list:
  * the first parameter represents a starting number;
  * the second parameters show how many consecutive numbers are to be processed;
- two natural numbers and a property to search for;
- separate the parameters with one space;
- enter 0 to exit.
Enter a request: > 10538 -7052
The second parameter should be a natural number.
Enter a request: > 0
Goodbye!
Process finished with exit code 0
?[1;31m
Start test 11?[0m
Welcome to Amazing Numbers!
Supported requests:
- enter a natural number to know its properties;
- enter two natural numbers to obtain the properties of the list:
  * the first parameter represents a starting number;
  * the second parameters show how many consecutive numbers are to be processed;
- two natural numbers and a property to search for;
- separate the parameters with one space;
- enter 0 to exit.
Enter a request: > 161 -15112
The second parameter should be a natural number.
Enter a request: > 0
Goodbye!
Process finished with exit code 0
?[1;31m
Start test 12?[0m
Welcome to Amazing Numbers!
Supported requests:
- enter a natural number to know its properties;
- enter two natural numbers to obtain the properties of the list:
  * the first parameter represents a starting number;
  * the second parameters show how many consecutive numbers are to be processed;
- two natural numbers and a property to search for;
- separate the parameters with one space;
- enter 0 to exit.
Enter a request: > 4118 -16415
The second parameter should be a natural number.
Enter a request: > 0
Goodbye!
Process finished with exit code 0
?[1;31m
Start test 13?[0m
Welcome to Amazing Numbers!
Supported requests:
- enter a natural number to know its properties;
- enter two natural numbers to obtain the properties of the list:
  * the first parameter represents a starting number;
  * the second parameters show how many consecutive numbers are to be processed;
- two natural numbers and a property to search for;
- separate the parameters with one space;
- enter 0 to exit.
Enter a request: > 10048 -27985
The second parameter should be a natural number.
Enter a request: > 0
Goodbye!
Process finished with exit code 0
?[1;31m
Start test 14?[0m
Welcome to Amazing Numbers!
Supported requests:
- enter a natural number to know its properties;
- enter two natural numbers to obtain the properties of the list:
  * the first parameter represents a starting number;
  * the second parameters show how many consecutive numbers are to be processed;
- two natural numbers and a property to search for;
- separate the parameters with one space;
- enter 0 to exit.
Enter a request: > 27198 -4959
The second parameter should be a natural number.
Enter a request: > 0
Goodbye!
Process finished with exit code 0
?[1;31m
Start test 15?[0m
Welcome to Amazing Numbers!
Supported requests:
- enter a natural number to know its properties;
- enter two natural numbers to obtain the properties of the list:
  * the first parameter represents a starting number;
  * the second parameters show how many consecutive numbers are to be processed;
- two natural numbers and a property to search for;
- separate the parameters with one space;
- enter 0 to exit.
Enter a request: > 574 -31987
The second parameter should be a natural number.
Enter a request: > 0
Goodbye!
Process finished with exit code 0
?[1;31m
Start test 16?[0m
Welcome to Amazing Numbers!
Supported requests:
- enter a natural number to know its properties;
- enter two natural numbers to obtain the properties of the list:
  * the first parameter represents a starting number;
  * the second parameters show how many consecutive numbers are to be processed;
- two natural numbers and a property to search for;
- separate the parameters with one space;
- enter 0 to exit.
Enter a request: > 15371 -21163
The second parameter should be a natural number.
Enter a request: > 0
Goodbye!
Process finished with exit code 0
?[1;31m
Start test 17?[0m
Welcome to Amazing Numbers!
Supported requests:
- enter a natural number to know its properties;
- enter two natural numbers to obtain the properties of the list:
  * the first parameter represents a starting number;
  * the second parameters show how many consecutive numbers are to be processed;
- two natural numbers and a property to search for;
- separate the parameters with one space;
- enter 0 to exit.
Enter a request: > 1
Properties of 1
even: false
odd: true
buzz: false
duck: false
palindromic: true
gapful: false
spy: true
Enter a request: > 2
Properties of 2
even: true
odd: false
buzz: false
duck: false
palindromic: true
gapful: false
spy: true
Enter a request: > 3
Properties of 3
even: false
odd: true
buzz: false
duck: false
palindromic: true
gapful: false
spy: true
Enter a request: > 4
Properties of 4
even: true
odd: false
buzz: false
duck: false
palindromic: true
gapful: false
spy: true
Enter a request: > 5
Properties of 5
even: false
odd: true
buzz: false
duck: false
palindromic: true
gapful: false
spy: true
Enter a request: > 6
Properties of 6
even: true
odd: false
buzz: false
duck: false
palindromic: true
gapful: false
spy: true
Enter a request: > 7
Properties of 7
even: false
odd: true
buzz: true
duck: false
palindromic: true
gapful: false
spy: true
Enter a request: > 8
Properties of 8
even: true
odd: false
buzz: false
duck: false
palindromic: true
gapful: false
spy: true
Enter a request: > 9
Properties of 9
even: false
odd: true
buzz: false
duck: false
palindromic: true
gapful: false
spy: true
Enter a request: > 10
Properties of 10
even: true
odd: false
buzz: false
duck: true
palindromic: false
gapful: false
spy: false
Enter a request: > 11
Properties of 11
even: false
odd: true
buzz: false
duck: false
palindromic: true
gapful: false
spy: false
Enter a request: > 12
Properties of 12
even: true
odd: false
buzz: false
duck: false
palindromic: false
gapful: false
spy: false
Enter a request: > 13
Properties of 13
even: false
odd: true
buzz: false
duck: false
palindromic: false
gapful: false
spy: false
Enter a request: > 14
Properties of 14
even: true
odd: false
buzz: true
duck: false
palindromic: false
gapful: false
spy: false
Enter a request: > 8744513895687607564
Properties of 8744513895687607564
even: true
odd: false
buzz: false
duck: true
palindromic: false
gapful: false
spy: false
Enter a request: > 6091530688835129419
Properties of 6091530688835129419
even: false
odd: true
buzz: true
duck: true
palindromic: false
gapful: false
spy: false
Enter a request: > 3270184686037940110
Properties of 3270184686037940110
even: true
odd: false
buzz: false
duck: true
palindromic: false
gapful: false
spy: false
Enter a request: > 8448784615050079056
Properties of 8448784615050079056
even: true
odd: false
buzz: false
duck: true
palindromic: false
gapful: false
spy: false
Enter a request: > 2376995539320592881
Properties of 2376995539320592881
even: false
odd: true
buzz: false
duck: true
palindromic: false
gapful: false
spy: false
Enter a request: > 8233286845065174938
Properties of 8233286845065174938
even: true
odd: false
buzz: false
duck: true
palindromic: false
gapful: false
spy: false
Enter a request: > 568601550483490977
Properties of 568601550483490977
even: false
odd: true
buzz: true
duck: true
palindromic: false
gapful: false
spy: false
Enter a request: > 5011103011306275103
Properties of 5011103011306275103
even: false
odd: true
buzz: false
duck: true
palindromic: false
gapful: false
spy: false
Enter a request: > 7087516718764524598
Properties of 7087516718764524598
even: true
odd: false
buzz: false
duck: true
palindromic: false
gapful: false
spy: false
Enter a request: > 1320155894942973431
Properties of 1320155894942973431
even: false
odd: true
buzz: true
duck: true
palindromic: false
gapful: false
spy: false
Enter a request: > 0
Goodbye!
Process finished with exit code 0
?[1;31m
Start test 18?[0m
Welcome to Amazing Numbers!
Supported requests:
- enter a natural number to know its properties;
- enter two natural numbers to obtain the properties of the list:
  * the first parameter represents a starting number;
  * the second parameters show how many consecutive numbers are to be processed;
- two natural numbers and a property to search for;
- separate the parameters with one space;
- enter 0 to exit.
Enter a request: > 1 15
1 is odd, palindromic, spy
2 is even, palindromic, spy
3 is odd, palindromic, spy
4 is even, palindromic, spy
5 is odd, palindromic, spy
6 is even, palindromic, spy
7 is odd, palindromic, buzz, spy
8 is even, palindromic, spy
9 is odd, palindromic, spy
10 is even, duck
11 is odd, palindromic
12 is even
13 is odd
14 is even, buzz
15 is odd
Enter a request: > 0
Goodbye!
Process finished with exit code 0
?[1;31m
Start test 19?[0m
Welcome to Amazing Numbers!
Supported requests:
- enter a natural number to know its properties;
- enter two natural numbers to obtain the properties of the list:
  * the first parameter represents a starting number;
  * the second parameters show how many consecutive numbers are to be processed;
- two natural numbers and a property to search for;
- separate the parameters with one space;
- enter 0 to exit.
Enter a request: > 738503585933439278 2
738503585933439278 is even, duck
738503585933439279 is odd, duck
Enter a request: > 0
Goodbye!
Process finished with exit code 0
?[1;31m
Start test 20?[0m
Welcome to Amazing Numbers!
Supported requests:
- enter a natural number to know its properties;
- enter two natural numbers to obtain the properties of the list:
  * the first parameter represents a starting number;
  * the second parameters show how many consecutive numbers are to be processed;
- two natural numbers and a property to search for;
- separate the parameters with one space;
- enter 0 to exit.
Enter a request: > 4791456497866656010 19
4791456497866656010 is even, duck
4791456497866656011 is odd, duck
4791456497866656012 is even, duck
4791456497866656013 is odd, duck
4791456497866656014 is even, duck
4791456497866656015 is odd, duck, gapful
4791456497866656016 is even, duck, buzz
4791456497866656017 is odd, duck, buzz
4791456497866656018 is even, duck
4791456497866656019 is odd, duck
4791456497866656020 is even, duck
4791456497866656021 is odd, duck
4791456497866656022 is even, duck
4791456497866656023 is odd, duck, buzz
4791456497866656024 is even, duck, gapful
4791456497866656025 is odd, duck
4791456497866656026 is even, duck
4791456497866656027 is odd, duck, buzz
4791456497866656028 is even, duck
Enter a request: > 0
Goodbye!
Process finished with exit code 0
?[1;31m
Start test 21?[0m
Welcome to Amazing Numbers!
Supported requests:
- enter a natural number to know its properties;
- enter two natural numbers to obtain the properties of the list:
  * the first parameter represents a starting number;
  * the second parameters show how many consecutive numbers are to be processed;
- two natural numbers and a property to search for;
- separate the parameters with one space;
- enter 0 to exit.
Enter a request: > 7367046701662679860 8
7367046701662679860 is even, duck
7367046701662679861 is odd, duck
7367046701662679862 is even, duck
7367046701662679863 is odd, duck
7367046701662679864 is even, duck, buzz
7367046701662679865 is odd, duck
7367046701662679866 is even, duck
7367046701662679867 is odd, duck, buzz
Enter a request: > 0
Goodbye!
Process finished with exit code 0
?[1;31m
Start test 22?[0m
Welcome to Amazing Numbers!
Supported requests:
- enter a natural number to know its properties;
- enter two natural numbers to obtain the properties of the list:
  * the first parameter represents a starting number;
  * the second parameters show how many consecutive numbers are to be processed;
- two natural numbers and a property to search for;
- separate the parameters with one space;
- enter 0 to exit.
Enter a request: > 1136048429699315333 7
1136048429699315333 is odd, duck
1136048429699315334 is even, duck
1136048429699315335 is odd, duck, buzz
1136048429699315336 is even, duck
1136048429699315337 is odd, duck, buzz
1136048429699315338 is even, duck
1136048429699315339 is odd, duck
Enter a request: > 0
Goodbye!
Process finished with exit code 0
?[1;31m
Start test 23?[0m
Welcome to Amazing Numbers!
Supported requests:
- enter a natural number to know its properties;
- enter two natural numbers to obtain the properties of the list:
  * the first parameter represents a starting number;
  * the second parameters show how many consecutive numbers are to be processed;
- two natural numbers and a property to search for;
- separate the parameters with one space;
- enter 0 to exit.
Enter a request: > 5000493136409414580 6
5000493136409414580 is even, duck
5000493136409414581 is odd, duck, buzz
5000493136409414582 is even, duck
5000493136409414583 is odd, duck
5000493136409414584 is even, duck
5000493136409414585 is odd, duck
Enter a request: > 0
Goodbye!
Process finished with exit code 0
?[1;31m
Start test 24?[0m
Welcome to Amazing Numbers!
Supported requests:
- enter a natural number to know its properties;
- enter two natural numbers to obtain the properties of the list:
  * the first parameter represents a starting number;
  * the second parameters show how many consecutive numbers are to be processed;
- two natural numbers and a property to search for;
- separate the parameters with one space;
- enter 0 to exit.
Enter a request: > 4652203278852513752 1
4652203278852513752 is even, duck
Enter a request: > 0
Goodbye!
Process finished with exit code 0
?[1;31m
Start test 25?[0m
Welcome to Amazing Numbers!
Supported requests:
- enter a natural number to know its properties;
- enter two natural numbers to obtain the properties of the list:
  * the first parameter represents a starting number;
  * the second parameters show how many consecutive numbers are to be processed;
- two natural numbers and a property to search for;
- separate the parameters with one space;
- enter 0 to exit.
Enter a request: > 9041506673372333380 11
9041506673372333380 is even, duck
9041506673372333381 is odd, duck
9041506673372333382 is even, duck
9041506673372333383 is odd, duck
9041506673372333384 is even, duck, buzz
9041506673372333385 is odd, duck
9041506673372333386 is even, duck
9041506673372333387 is odd, duck, buzz
9041506673372333388 is even, duck
9041506673372333389 is odd, duck
9041506673372333390 is even, duck
Enter a request: > 0
Goodbye!
Process finished with exit code 0
?[1;31m
Start test 26?[0m
Welcome to Amazing Numbers!
Supported requests:
- enter a natural number to know its properties;
- enter two natural numbers to obtain the properties of the list:
  * the first parameter represents a starting number;
  * the second parameters show how many consecutive numbers are to be processed;
- two natural numbers and a property to search for;
- separate the parameters with one space;
- enter 0 to exit.
Enter a request: > 6553085252705714033 2
6553085252705714033 is odd, duck
6553085252705714034 is even, duck
Enter a request: > 0
Goodbye!
Process finished with exit code 0
?[1;31m
Start test 27?[0m
Welcome to Amazing Numbers!
Supported requests:
- enter a natural number to know its properties;
- enter two natural numbers to obtain the properties of the list:
  * the first parameter represents a starting number;
  * the second parameters show how many consecutive numbers are to be processed;
- two natural numbers and a property to search for;
- separate the parameters with one space;
- enter 0 to exit.
Enter a request: > 4470594638313882796 20
4470594638313882796 is even, duck
4470594638313882797 is odd, duck, buzz
4470594638313882798 is even, duck
4470594638313882799 is odd, duck, buzz
4470594638313882800 is even, duck, gapful
4470594638313882801 is odd, duck
4470594638313882802 is even, duck
4470594638313882803 is odd, duck
4470594638313882804 is even, duck, gapful
4470594638313882805 is odd, duck
4470594638313882806 is even, duck, buzz
4470594638313882807 is odd, duck, buzz
4470594638313882808 is even, duck
4470594638313882809 is odd, duck
4470594638313882810 is even, duck
4470594638313882811 is odd, duck
4470594638313882812 is even, duck
4470594638313882813 is odd, duck, buzz
4470594638313882814 is even, duck
4470594638313882815 is odd, duck
Enter a request: > 0
Goodbye!
Process finished with exit code 0
?[1;31m
Start test 28?[0m
Welcome to Amazing Numbers!
Supported requests:
- enter a natural number to know its properties;
- enter two natural numbers to obtain the properties of the list:
  * the first parameter represents a starting number;
  * the second parameters show how many consecutive numbers are to be processed;
- two natural numbers and a property to search for;
- separate the parameters with one space;
- enter 0 to exit.
Enter a request: > 4869003406194048236 3
4869003406194048236 is even, duck
4869003406194048237 is odd, duck, buzz
4869003406194048238 is even, duck
Enter a request: > 0
Goodbye!
Process finished with exit code 0
?[1;31m
Start test 29?[0m
Welcome to Amazing Numbers!
Supported requests:
- enter a natural number to know its properties;
- enter two natural numbers to obtain the properties of the list:
  * the first parameter represents a starting number;
  * the second parameters show how many consecutive numbers are to be processed;
- two natural numbers and a property to search for;
- separate the parameters with one space;
- enter 0 to exit.
Enter a request: > 1 10 May
The property [May] is wrong.
Available properties: [BUZZ, DUCK, PALINDROMIC, GAPFUL, SPY, EVEN, ODD]
Enter a request: > 0
Goodbye!
Process finished with exit code 0
?[1;31m
Start test 30?[0m
Welcome to Amazing Numbers!
Supported requests:
- enter a natural number to know its properties;
- enter two natural numbers to obtain the properties of the list:
  * the first parameter represents a starting number;
  * the second parameters show how many consecutive numbers are to be processed;
- two natural numbers and a property to search for;
- separate the parameters with one space;
- enter 0 to exit.
Enter a request: > 40 2 bay
The property [bay] is wrong.
Available properties: [BUZZ, DUCK, PALINDROMIC, GAPFUL, SPY, EVEN, ODD]
Enter a request: > 0
Goodbye!
Process finished with exit code 0
?[1;31m
Start test 31?[0m
Welcome to Amazing Numbers!
Supported requests:
- enter a natural number to know its properties;
- enter two natural numbers to obtain the properties of the list:
  * the first parameter represents a starting number;
  * the second parameters show how many consecutive numbers are to be processed;
- two natural numbers and a property to search for;
- separate the parameters with one space;
- enter 0 to exit.
Enter a request: > 37 4 8
The property [8] is wrong.
Available properties: [BUZZ, DUCK, PALINDROMIC, GAPFUL, SPY, EVEN, ODD]
Enter a request: > 0
Goodbye!
Process finished with exit code 0
?[1;31m
Start test 32?[0m
Welcome to Amazing Numbers!
Supported requests:
- enter a natural number to know its properties;
- enter two natural numbers to obtain the properties of the list:
  * the first parameter represents a starting number;
  * the second parameters show how many consecutive numbers are to be processed;
- two natural numbers and a property to search for;
- separate the parameters with one space;
- enter 0 to exit.
Enter a request: > 67 2 day
The property [day] is wrong.
Available properties: [BUZZ, DUCK, PALINDROMIC, GAPFUL, SPY, EVEN, ODD]
Enter a request: > 0
Goodbye!
Process finished with exit code 0
?[1;31m
Start test 33?[0m
Welcome to Amazing Numbers!
Supported requests:
- enter a natural number to know its properties;
- enter two natural numbers to obtain the properties of the list:
  * the first parameter represents a starting number;
  * the second parameters show how many consecutive numbers are to be processed;
- two natural numbers and a property to search for;
- separate the parameters with one space;
- enter 0 to exit.
Enter a request: > 2 54 Prime
The property [Prime] is wrong.
Available properties: [BUZZ, DUCK, PALINDROMIC, GAPFUL, SPY, EVEN, ODD]
Enter a request: > 0
Goodbye!
Process finished with exit code 0
?[1;31m
Start test 34?[0m
Welcome to Amazing Numbers!
Supported requests:
- enter a natural number to know its properties;
- enter two natural numbers to obtain the properties of the list:
  * the first parameter represents a starting number;
  * the second parameters show how many consecutive numbers are to be processed;
- two natural numbers and a property to search for;
- separate the parameters with one space;
- enter 0 to exit.
Enter a request: > 6 8 ...
The property [...] is wrong.
Available properties: [BUZZ, DUCK, PALINDROMIC, GAPFUL, SPY, EVEN, ODD]
Enter a request: > 0
Goodbye!
Process finished with exit code 0
?[1;31m
Start test 35?[0m
Welcome to Amazing Numbers!
Supported requests:
- enter a natural number to know its properties;
- enter two natural numbers to obtain the properties of the list:
  * the first parameter represents a starting number;
  * the second parameters show how many consecutive numbers are to be processed;
- two natural numbers and a property to search for;
- separate the parameters with one space;
- enter 0 to exit.
Enter a request: > 5 9 none
The property [none] is wrong.
Available properties: [BUZZ, DUCK, PALINDROMIC, GAPFUL, SPY, EVEN, ODD]
Enter a request: > 0
Goodbye!
Process finished with exit code 0
?[1;31m
Start test 36?[0m
Welcome to Amazing Numbers!
Supported requests:
- enter a natural number to know its properties;
- enter two natural numbers to obtain the properties of the list:
  * the first parameter represents a starting number;
  * the second parameters show how many consecutive numbers are to be processed;
- two natural numbers and a property to search for;
- separate the parameters with one space;
- enter 0 to exit.
Enter a request: > 1 10 BUZZ
7 is odd, palindromic, buzz, spy
14 is even, buzz
17 is odd, buzz
21 is odd, buzz
27 is odd, buzz
28 is even, buzz
35 is odd, buzz
37 is odd, buzz
42 is even, buzz
47 is odd, buzz
Enter a request: > 1 10 DUCK
10 is even, duck
20 is even, duck
30 is even, duck
40 is even, duck
50 is even, duck
60 is even, duck
70 is even, duck, buzz
80 is even, duck
90 is even, duck
100 is even, duck, gapful
Enter a request: > 1 10 PALINDROMIC
1 is odd, palindromic, spy
2 is even, palindromic, spy
3 is odd, palindromic, spy
4 is even, palindromic, spy
5 is odd, palindromic, spy
6 is even, palindromic, spy
7 is odd, palindromic, buzz, spy
8 is even, palindromic, spy
9 is odd, palindromic, spy
11 is odd, palindromic
Enter a request: > 1 10 GAPFUL
100 is even, duck, gapful
105 is odd, duck, buzz, gapful
108 is even, duck, gapful
110 is even, duck, gapful
120 is even, duck, gapful
121 is odd, palindromic, gapful
130 is even, duck, gapful
132 is even, gapful, spy
135 is odd, gapful
140 is even, duck, buzz, gapful
Enter a request: > 1 10 SPY
1 is odd, palindromic, spy
2 is even, palindromic, spy
3 is odd, palindromic, spy
4 is even, palindromic, spy
5 is odd, palindromic, spy
6 is even, palindromic, spy
7 is odd, palindromic, buzz, spy
8 is even, palindromic, spy
9 is odd, palindromic, spy
22 is even, palindromic, spy
Enter a request: > 1 10 EVEN
2 is even, palindromic, spy
4 is even, palindromic, spy
6 is even, palindromic, spy
8 is even, palindromic, spy
10 is even, duck
12 is even
14 is even, buzz
16 is even
18 is even
20 is even, duck
Enter a request: > 1 10 ODD
1 is odd, palindromic, spy
3 is odd, palindromic, spy
5 is odd, palindromic, spy
7 is odd, palindromic, buzz, spy
9 is odd, palindromic, spy
11 is odd, palindromic
13 is odd
15 is odd
17 is odd, buzz
19 is odd
Enter a request: > 0
Goodbye!
Process finished with exit code 0
?[1;31m
Start test 37?[0m
Welcome to Amazing Numbers!
Supported requests:
- enter a natural number to know its properties;
- enter two natural numbers to obtain the properties of the list:
  * the first parameter represents a starting number;
  * the second parameters show how many consecutive numbers are to be processed;
- two natural numbers and a property to search for;
- separate the parameters with one space;
- enter 0 to exit.
Enter a request: > 11863 5 GAPFUL
11865 is odd, buzz, gapful
11870 is even, duck, gapful
11880 is even, duck, gapful
11890 is even, duck, gapful
11891 is odd, gapful
Enter a request: > 0
Goodbye!
Process finished with exit code 0
?[1;31m
Start test 38?[0m
Welcome to Amazing Numbers!
Supported requests:
- enter a natural number to know its properties;
- enter two natural numbers to obtain the properties of the list:
  * the first parameter represents a starting number;
  * the second parameters show how many consecutive numbers are to be processed;
- two natural numbers and a property to search for;
- separate the parameters with one space;
- enter 0 to exit.
Enter a request: > 28674 20 BUZZ
28677 is odd, buzz
28679 is odd, buzz
28686 is even, buzz
28687 is odd, buzz
28693 is odd, buzz
28697 is odd, buzz
28700 is even, duck, buzz, gapful
28707 is odd, duck, buzz
28714 is even, buzz
28717 is odd, buzz
28721 is odd, buzz
28727 is odd, buzz
28728 is even, buzz, gapful
28735 is odd, buzz
28737 is odd, buzz
28742 is even, buzz
28747 is odd, buzz
28749 is odd, buzz
28756 is even, buzz, gapful
28757 is odd, buzz
Enter a request: > 0
Goodbye!
Process finished with exit code 0
?[1;31m
Start test 39?[0m
Welcome to Amazing Numbers!
Supported requests:
- enter a natural number to know its properties;
- enter two natural numbers to obtain the properties of the list:
  * the first parameter represents a starting number;
  * the second parameters show how many consecutive numbers are to be processed;
- two natural numbers and a property to search for;
- separate the parameters with one space;
- enter 0 to exit.
Enter a request: > 20675 16 DUCK
20675 is odd, duck, gapful
20676 is even, duck
20677 is odd, duck, buzz
20678 is even, duck, buzz
20679 is odd, duck
20680 is even, duck, gapful
20681 is odd, duck
20682 is even, duck
20683 is odd, duck
20684 is even, duck
20685 is odd, duck, buzz
20686 is even, duck
20687 is odd, duck, buzz
20688 is even, duck
20689 is odd, duck
20690 is even, duck
Enter a request: > 0
Goodbye!
Process finished with exit code 0
?[1;31m
Start test 40?[0m
Welcome to Amazing Numbers!
Supported requests:
- enter a natural number to know its properties;
- enter two natural numbers to obtain the properties of the list:
  * the first parameter represents a starting number;
  * the second parameters show how many consecutive numbers are to be processed;
- two natural numbers and a property to search for;
- separate the parameters with one space;
- enter 0 to exit.
Enter a request: > 25429 11 SPY
31113 is odd, palindromic, spy
31131 is odd, spy
31311 is odd, buzz, spy
33111 is odd, spy
51112 is even, spy
51121 is odd, buzz, spy
51211 is odd, spy
52111 is odd, spy
111126 is even, spy
111162 is even, spy
111216 is even, buzz, gapful, spy
Enter a request: > 0
Goodbye!
Process finished with exit code 0
?[1;31m
Start test 41?[0m
Welcome to Amazing Numbers!
Supported requests:
- enter a natural number to know its properties;
- enter two natural numbers to obtain the properties of the list:
  * the first parameter represents a starting number;
  * the second parameters show how many consecutive numbers are to be processed;
- two natural numbers and a property to search for;
- separate the parameters with one space;
- enter 0 to exit.
Enter a request: > 31974 11 SPY
33111 is odd, spy
51112 is even, spy
51121 is odd, buzz, spy
51211 is odd, spy
52111 is odd, spy
111126 is even, spy
111162 is even, spy
111216 is even, buzz, gapful, spy
111261 is odd, spy
111612 is even, gapful, spy
111621 is odd, spy
Enter a request: > 0
Goodbye!
Process finished with exit code 0
?[1;31m
Start test 42?[0m
Welcome to Amazing Numbers!
Supported requests:
- enter a natural number to know its properties;
- enter two natural numbers to obtain the properties of the list:
  * the first parameter represents a starting number;
  * the second parameters show how many consecutive numbers are to be processed;
- two natural numbers and a property to search for;
- separate the parameters with one space;
- enter 0 to exit.
Enter a request: > 9872 6 GAPFUL
9898 is even, buzz, gapful
9900 is even, duck, gapful
9964 is even, gapful
9975 is odd, buzz, gapful
9990 is even, duck, gapful
9999 is odd, palindromic, gapful
Enter a request: > 0
Goodbye!
Process finished with exit code 0
?[1;31m
Start test 43?[0m
Welcome to Amazing Numbers!
Supported requests:
- enter a natural number to know its properties;
- enter two natural numbers to obtain the properties of the list:
  * the first parameter represents a starting number;
  * the second parameters show how many consecutive numbers are to be processed;
- two natural numbers and a property to search for;
- separate the parameters with one space;
- enter 0 to exit.
Enter a request: > 14805 11 GAPFUL
14805 is odd, duck, buzz, gapful
14807 is odd, duck, buzz, gapful
14810 is even, duck, gapful
14816 is even, gapful
14820 is even, duck, gapful
14830 is even, duck, gapful
14832 is even, gapful
14833 is odd, buzz, gapful
14835 is odd, gapful
14839 is odd, gapful
14840 is even, duck, buzz, gapful
Enter a request: > 0
Goodbye!
Process finished with exit code 0
?[1;31m
Start test 44?[0m
Welcome to Amazing Numbers!
Supported requests:
- enter a natural number to know its properties;
- enter two natural numbers to obtain the properties of the list:
  * the first parameter represents a starting number;
  * the second parameters show how many consecutive numbers are to be processed;
- two natural numbers and a property to search for;
- separate the parameters with one space;
- enter 0 to exit.
Enter a request: > 15278 13 SPY
21115 is odd, spy
21122 is even, spy
21151 is odd, spy
21212 is even, palindromic, spy
21221 is odd, spy
21511 is odd, buzz, spy
22112 is even, spy
22121 is odd, spy
22211 is odd, buzz, spy
25111 is odd, spy
31113 is odd, palindromic, spy
31131 is odd, spy
31311 is odd, buzz, spy
Enter a request: > 0
Goodbye!
Process finished with exit code 0
?[1;31m
Start test 45?[0m
Welcome to Amazing Numbers!
Supported requests:
- enter a natural number to know its properties;
- enter two natural numbers to obtain the properties of the list:
  * the first parameter represents a starting number;
  * the second parameters show how many consecutive numbers are to be processed;
- two natural numbers and a property to search for;
- separate the parameters with one space;
- enter 0 to exit.
Enter a request: > 8712 19 EVEN
8712 is even
8714 is even
8716 is even
8718 is even
8720 is even, duck, gapful
8722 is even, buzz
8724 is even
8726 is even
8728 is even
8730 is even, duck
8732 is even
8734 is even
8736 is even, buzz
8738 is even
8740 is even, duck
8742 is even
8744 is even
8746 is even
8748 is even
Enter a request: > 0
Goodbye!
Process finished with exit code 0
?[1;31m
Start test 46?[0m
Welcome to Amazing Numbers!
Supported requests:
- enter a natural number to know its properties;
- enter two natural numbers to obtain the properties of the list:
  * the first parameter represents a starting number;
  * the second parameters show how many consecutive numbers are to be processed;
- two natural numbers and a property to search for;
- separate the parameters with one space;
- enter 0 to exit.
Enter a request: > 27346 2 ODD
27347 is odd, buzz
27349 is odd, buzz
Enter a request: > 0
Goodbye!
Process finished with exit code 0
]]></system-out>
  <system-err><![CDATA[]]></system-err>
</testsuite>
